<?xml version="1.0" encoding="UTF-8"?>
<!-- Generated by org.testng.reporters.JUnitReportReporter -->
<testsuite hostname="LAPTOP-SCGHILJU" failures="0" tests="2" name="OrangeWeb.OrangeHrm2" time="6.258" errors="0" timestamp="2023-08-04T21:11:48 CDT" skipped="0">
  <testcase classname="OrangeWeb.OrangeHrm2" name="logoutchek" time="3.714"/>
  <system-out/>
  <testcase classname="OrangeWeb.OrangeHrm2" name="login" time="2.544"/>
  <system-out/>
</testsuite> <!-- OrangeWeb.OrangeHrm2 -->
