<?xml version="1.0" encoding="UTF-8"?>
<!-- Generated by org.testng.reporters.JUnitReportReporter -->
<testsuite hostname="LAPTOP-SCGHILJU" failures="0" tests="1" name="OrangeWeb.UltimateQa" time="4.319" errors="0" timestamp="28 Jul 2023 05:03:47 GMT" skipped="0">
  <testcase classname="OrangeWeb.UltimateQa" name="testcase1" time="4.319"/>
</testsuite> <!-- OrangeWeb.UltimateQa -->
