<?xml version="1.0" encoding="UTF-8"?>
<!-- Generated by org.testng.reporters.JUnitReportReporter -->
<testsuite hostname="LAPTOP-SCGHILJU" failures="0" tests="2" name="OrangeWeb.PracticeTesting" time="7.660" errors="0" timestamp="2023-08-07T13:51:51 CDT" skipped="0">
  <testcase classname="OrangeWeb.PracticeTesting" name="testcase1" time="3.715"/>
  <system-out/>
  <testcase classname="OrangeWeb.PracticeTesting" name="testcase2" time="3.945"/>
  <system-out/>
</testsuite> <!-- OrangeWeb.PracticeTesting -->
